0000000000000000 a __start__
0000000000000000 T _start
0000000000000000 b _TLS_MODULE_BASE_
0000000000000000 0000000000000001 b g_resolverDisableServiceDiscovery
0000000000000004 0000000000000004 b g_resolverCancelHandle
0000000000000008 0000000000000004 b g_resolverResult
000000000000000c 0000000000000004 B g_bsdErrno
0000000000000010 0000000000000004 B g_bsdResult
0000000000000014 0000000000000004 b fsdev_last_result
0000000000000018 0000000000000401 B __nx_dev_path_buf
00000000000000e0 T __nx_exit
00000000000000f0 T __nx_mod0
0000000000000140 0000000000000034 T exit
0000000000000180 0000000000000fac T main
000000000000041c 0000000000000004 b g_fsPriority
0000000000001140 t __do_global_dtors_aux
00000000000011a0 t frame_dummy
00000000000011d0 00000000000001d8 T file_explorer_open
00000000000013b0 000000000000030c T list_directory
00000000000016c0 0000000000000104 T fs_dump_console_text
00000000000017d0 000000000000007c T fs_restore_console_text
0000000000001850 0000000000000140 T fs_dump_file
0000000000001990 00000000000000d4 T fs_restore_file
0000000000001a70 0000000000000048 T path_is_zip
0000000000001ac0 0000000000000094 T directory_is_empty
0000000000001b60 00000000000000a8 T graphics_draw_icon
0000000000001c10 00000000000009a4 t http_download_to_file.constprop.0
00000000000025c0 000000000000007c T scan_installs
0000000000002640 0000000000000130 T staged_install
0000000000002770 00000000000000b0 t prompt_confirm
0000000000002820 0000000000000008 T parental_force_report
0000000000002830 00000000000000cc T save_settings
0000000000002900 0000000000000208 T load_settings
0000000000002b10 0000000000000004 T apply_theme
0000000000002b20 00000000000001f8 T settings_menu
0000000000002d20 0000000000000180 T render_text_view
0000000000002ea0 00000000000000f4 T show_install_list
0000000000002fa0 00000000000000bc T render_active_view
0000000000003060 0000000000000018 t _appletInfiniteSleepLoop
0000000000003080 0000000000000108 t _appletCmdGetSession
0000000000003190 00000000000000cc t _appletCmdInU8NoOut
0000000000003260 00000000000000cc t _appletCmdInU32NoOut
0000000000003330 000000000000012c t _appletGetSessionProxy.constprop.0
0000000000003460 0000000000000148 t _appletOpenLibraryAppletProxy.constprop.0
00000000000035b0 00000000000000f8 t _appletCmdGetEvent
00000000000036b0 00000000000000d4 t _appletCmdNoInOutU8.isra.0
0000000000003790 00000000000000d4 t _appletCmdNoInOutU32.isra.0
0000000000003870 00000000000000d4 t _appletCmdNoInOutU64.isra.0
0000000000003950 00000000000000c0 t _appletCmdNoIO.isra.0
0000000000003a10 0000000000000010 T appletGetAppletType
0000000000003a20 00000000000001b8 T appletSetFocusHandlingMode
0000000000003be0 000000000000005c T appletSetCpuBoostMode
0000000000003c40 000000000000002c T appletCreateManagedDisplayLayer
0000000000003c70 000000000000000c T appletGetAppletResourceUserId
0000000000003c80 0000000000000138 t _appletHolderCreateState
0000000000003dc0 00000000000000b0 T appletHolderClose
0000000000003e70 0000000000000024 T appletHolderGetLibraryAppletInfo
0000000000003ea0 0000000000000090 T appletNotifyRunning
0000000000003f30 0000000000000078 T appletSetGamePlayRecordingState
0000000000003fb0 0000000000000ad4 t _appletCleanup
0000000000004a90 0000000000000048 T appletExit
0000000000004ae0 0000000000000040 T appletGetLibraryAppletInfo
0000000000004b20 0000000000000c14 T appletInitialize
0000000000005740 0000000000000024 t _appletExitProcess
0000000000005770 0000000000000074 T appletGetMessage
00000000000057f0 0000000000000264 T appletProcessMessage
0000000000005a60 0000000000000034 T appletMainLoop
0000000000005aa0 00000000000000d0 t _setsysGetFirmwareVersionImpl
0000000000005b70 0000000000000078 t _setCleanup
0000000000005bf0 0000000000000078 t _setsysCleanup
0000000000005c70 00000000000000c8 t _setCmdNoInOutU32.isra.0
0000000000005d40 00000000000000c8 t _setCmdNoInOut64.isra.0
0000000000005e10 00000000000000a0 T setInitialize
0000000000005eb0 0000000000000048 T setExit
0000000000005f00 00000000000000a0 T setsysInitialize
0000000000005fa0 0000000000000048 T setsysExit
0000000000005ff0 000000000000001c T setGetLanguageCode
0000000000006010 0000000000000004 T setGetSystemLanguage
0000000000006020 0000000000000070 T setGetAvailableLanguageCodeCount
0000000000006090 0000000000000174 T setGetAvailableLanguageCodes
0000000000006210 0000000000000108 T setMakeLanguage
0000000000006320 0000000000000048 T setsysGetFirmwareVersion
0000000000006370 00000000000000cc t _smCmifCmdInPid
0000000000006440 0000000000000078 t _smCleanup
00000000000064c0 0000000000000048 T smAddOverrideHandle
0000000000006510 0000000000000054 T smGetServiceOverride
0000000000006570 00000000000001ac T smInitialize
0000000000006720 0000000000000048 T smExit
0000000000006770 00000000000000d0 T smGetServiceOriginal
0000000000006840 0000000000000120 T smGetServiceWrapper
0000000000006960 000000000000001c W diagAbortWithResult
0000000000006980 0000000000000208 T envSetup
0000000000006b90 0000000000000020 T envGetMainThreadHandle
0000000000006bb0 000000000000000c T envIsNso
0000000000006bc0 0000000000000014 T envHasHeapOverride
0000000000006be0 000000000000000c T envGetHeapOverrideAddr
0000000000006bf0 000000000000000c T envGetHeapOverrideSize
0000000000006c00 0000000000000014 T envHasArgv
0000000000006c20 000000000000000c T envGetArgv
0000000000006c30 000000000000000c T envGetExitFuncPtr
0000000000006c40 000000000000000c T envSetExitFuncPtr
0000000000006c50 000000000000000c T envHasRandomSeed
0000000000006c60 0000000000000010 T envGetRandomSeed
0000000000006c70 0000000000000014 T hosversionGet
0000000000006c90 0000000000000010 T hosversionSet
0000000000006ca0 000000000000009c T padConfigureInput
0000000000006d40 0000000000000024 T padInitializeWithMask
0000000000006d70 0000000000000294 T padUpdate
0000000000007010 0000000000000038 T freeaddrinfo
0000000000007050 00000000000005a0 T getaddrinfo
00000000000075f0 0000000000000048 t consoleDrawChar
0000000000007640 000000000000021c t parseColor
0000000000007860 00000000000000b4 t consoleNewRow
0000000000007920 0000000000000bf8 t con_write
0000000000008520 0000000000000154 T consoleInit
0000000000008680 0000000000000044 T consoleExit
00000000000086d0 000000000000002c T consoleUpdate
0000000000008700 00000000000001bc t ConsoleSwRenderer_drawChar
00000000000088c0 00000000000000e8 t ConsoleSwRenderer_init
00000000000089b0 0000000000000078 t ConsoleSwRenderer_flushAndSwap
0000000000008a30 00000000000000d4 t ConsoleSwRenderer_scrollWindow
0000000000008b10 0000000000000050 t ConsoleSwRenderer_deinit
0000000000008b60 000000000000000c W getDefaultConsoleRenderer
0000000000008b70 000000000000007c t _socketGetFd
0000000000008bf0 00000000000000a4 t _socketParseBsdResult.part.0
0000000000008ca0 000000000000072c T select
00000000000093d0 0000000000000098 T socket
0000000000009470 000000000000005c T recv
00000000000094d0 000000000000005c T send
0000000000009530 0000000000000060 T connect
0000000000009590 T svcSetHeapSize
00000000000095a4 T svcSetMemoryPermission
00000000000095ac T svcSetMemoryAttribute
00000000000095b4 T svcUnmapMemory
00000000000095bc T svcQueryMemory
00000000000095d0 T svcExitProcess
00000000000095d8 T svcSleepThread
00000000000095e0 T svcMapSharedMemory
00000000000095e8 T svcUnmapSharedMemory
00000000000095f0 T svcCreateTransferMemory
0000000000009604 T svcCloseHandle
000000000000960c T svcResetSignal
0000000000009614 T svcWaitSynchronization
0000000000009628 T svcArbitrateLock
0000000000009630 T svcArbitrateUnlock
0000000000009638 T svcWaitProcessWideKeyAtomic
0000000000009640 T svcSignalProcessWideKey
0000000000009648 T svcConnectToNamedPort
000000000000965c T svcSendSyncRequest
0000000000009664 T svcBreak
000000000000966c T svcReturnFromException
0000000000009674 T svcGetInfo
0000000000009688 T svcUnmapTransferMemory
0000000000009690 T __aarch64_read_tp
00000000000096a0 000000000000000c T eventLoadRemote
00000000000096b0 0000000000000034 T eventWait
00000000000096f0 0000000000000054 T eventClose
0000000000009750 00000000000000c8 T mutexLock
0000000000009820 0000000000000068 T mutexUnlock
0000000000009890 000000000000001c T mutexIsLockedByCurrentThread
00000000000098b0 0000000000000058 T rmutexLock
0000000000009910 000000000000001c T rmutexUnlock
0000000000009930 00000000000000a8 T tmemCreate
00000000000099e0 0000000000000034 T tmemUnmap
0000000000009a20 0000000000000030 T tmemCloseHandle
0000000000009a50 000000000000009c T tmemWaitForPermission
0000000000009af0 0000000000000050 T tmemClose
0000000000009b40 0000000000000064 t _memregionInitWithInfo
0000000000009bb0 0000000000000004 W __libnx_virtmem_rng
0000000000009bc0 0000000000000164 t _memregionFindRandom
0000000000009d30 0000000000000140 T virtmemSetup
0000000000009e70 000000000000000c T virtmemLock
0000000000009e80 000000000000000c T virtmemUnlock
0000000000009e90 0000000000000050 T virtmemFindAslr
0000000000009ee0 000000000000057c T waitObjects
000000000000a460 00000000000000d4 t _apmCleanup
000000000000a540 0000000000000194 T apmInitialize
000000000000a6e0 0000000000000048 T apmExit
000000000000a730 00000000000000c8 T apmSetPerformanceConfiguration
000000000000a800 0000000000000144 t _bsdCmdInDomainTypeProtocol
000000000000a950 00000000000001ac t _bsdCmdInSockfdSockaddr
000000000000ab00 0000000000000008 T bsdSocket
000000000000ab10 0000000000000250 T bsdPoll
000000000000ad60 00000000000001bc T bsdRecv
000000000000af20 00000000000001c8 T bsdSend
000000000000b0f0 0000000000000008 T bsdConnect
000000000000b100 000000000000012c t _hidCleanup
000000000000b230 00000000000000d4 t _hidCmdInAruidNoOut
000000000000b310 00000000000000e0 t _hidCmdInU32AruidNoOut
000000000000b3f0 0000000000000194 t _hidGetStates
000000000000b590 000000000000026c T hidInitialize
000000000000b800 0000000000000048 T hidExit
000000000000b850 000000000000000c T hidGetSharedmemAddr
000000000000b860 0000000000000090 T hidGetNpadStyleSet
000000000000b8f0 0000000000000084 T hidInitializeNpad
000000000000b980 00000000000000a4 T hidGetNpadStatesFullKey
000000000000ba30 00000000000000a4 T hidGetNpadStatesHandheld
000000000000bae0 00000000000000a4 T hidGetNpadStatesJoyDual
000000000000bb90 00000000000000a4 T hidGetNpadStatesJoyLeft
000000000000bc40 00000000000000a4 T hidGetNpadStatesJoyRight
000000000000bcf0 0000000000000144 T hidGetNpadStatesGc
000000000000be40 00000000000000a8 T hidGetNpadStatesSystemExt
000000000000bef0 0000000000000008 T hidSetSupportedNpadStyleSet
000000000000bf00 0000000000000100 T hidSetSupportedNpadIdType
000000000000c000 00000000000002ac T sfdnsresGetAddrInfoRequest
000000000000c2b0 000000000000000c T nwindowGetDefault
000000000000c2c0 00000000000000a4 T __nx_win_init
000000000000c370 0000000000000034 T __nx_win_exit
000000000000c3b0 000000000000008c T framebufferMakeLinear
000000000000c440 0000000000000084 T framebufferClose
000000000000c4d0 0000000000000290 T framebufferCreate
000000000000c760 000000000000007c T framebufferBegin
000000000000c7e0 0000000000000190 T framebufferEnd
000000000000c970 0000000000000024 T nwindowIsValid
000000000000c9a0 000000000000007c T nwindowClose
000000000000ca20 00000000000000f8 T nwindowCreate
000000000000cb20 0000000000000038 T nwindowCreateFromLayer
000000000000cb60 0000000000000084 T nwindowSetDimensions
000000000000cbf0 0000000000000180 T nwindowConfigureBuffer
000000000000cd70 00000000000001cc T nwindowDequeueBuffer
000000000000cf40 000000000000012c T nwindowQueueBuffer
000000000000d070 00000000000000bc T nwindowReleaseBuffers
000000000000d130 0000000000000004 W __libnx_alloc
000000000000d140 0000000000000014 W __libnx_aligned_alloc
000000000000d160 0000000000000004 W __libnx_free
000000000000d170 0000000000000314 W argvSetup
000000000000d490 00000000000001fc T __nx_dynamic
000000000000d690 00000000000000d0 W __libnx_initheap
000000000000d760 00000000000000ec W __appInit
000000000000d850 0000000000000044 W __appExit
000000000000d8a0 000000000000002c W __libnx_init
000000000000d8d0 000000000000001c W __libnx_exit
000000000000d8f0 000000000000001c T __syscall_exit
000000000000d910 0000000000000034 T __syscall_getreent
000000000000d950 0000000000000004 T __syscall_lock_acquire
000000000000d960 0000000000000004 T __syscall_lock_release
000000000000d970 0000000000000004 T __syscall_lock_acquire_recursive
000000000000d980 0000000000000004 T __syscall_lock_release_recursive
000000000000d990 000000000000025c T __libnx_init_time
000000000000dbf0 00000000000000e8 T __syscall_clock_gettime
000000000000dce0 0000000000000088 T __syscall_gettod_r
000000000000dd70 0000000000000098 T newlibSetup
000000000000de10 00000000000000e8 T nxlinkSetup
000000000000df00 0000000000000030 T _convert_errno
000000000000df30 0000000000000010 t fsdev_link
000000000000df40 0000000000000010 t fsdev_dirreset
000000000000df50 0000000000000010 t fsdev_chmod
000000000000df60 0000000000000018 t error_cmp
000000000000df80 0000000000000020 t fsdev_dirclose
000000000000dfa0 000000000000001c t fsdev_close
000000000000dfc0 0000000000000074 t fsdev_converttimetoutc
000000000000e040 00000000000000d4 t fsdevFindDevice.part.0
000000000000e120 00000000000001cc t fsdev_fixpath
000000000000e2f0 000000000000009c t _fsdevUnmountDeviceStruct.part.0
000000000000e390 0000000000000010 t fsdev_fchmod
000000000000e3a0 0000000000000100 t fsdev_diropen
000000000000e4a0 00000000000000f8 t fsdev_statvfs
000000000000e5a0 000000000000007c t fsdev_fsync
000000000000e620 00000000000000ec t fsdev_fstat
000000000000e710 0000000000000094 t fsdev_ftruncate
000000000000e7b0 00000000000001d8 t fsdev_stat
000000000000e990 000000000000014c t fsdev_rename
000000000000eae0 000000000000013c t fsdev_chdir
000000000000ec20 00000000000000a4 t fsdev_rmdir
000000000000ecd0 00000000000000a4 t fsdev_mkdir
000000000000ed80 00000000000000a4 t fsdev_unlink
000000000000ee30 000000000000013c t fsdev_write_safe
000000000000ef70 0000000000000134 t fsdev_read_safe
000000000000f0b0 0000000000000100 t fsdev_read
000000000000f1b0 00000000000001d4 t fsdev_dirnext
000000000000f390 0000000000000124 t fsdev_write
000000000000f4c0 0000000000000110 t fsdev_seek
000000000000f5d0 0000000000000230 t fsdev_open
000000000000f800 0000000000000324 T fsdevMountDevice
000000000000fb30 0000000000000040 T fsdevMountSdmc
000000000000fb70 00000000000000bc T __libnx_init_cwd
000000000000fc30 0000000000000064 T fsdevUnmountAll
000000000000fca0 0000000000000128 T decode_utf8
000000000000fdc8 T armDCacheFlush
000000000000fdf8 t armDCacheFlush_L0
000000000000fe14 W __libnx_exception_entry
000000000000fea0 t __libnx_exception_entry_start
000000000000ffc8 t __libnx_exception_entry_abort
000000000000ffcc t __libnx_exception_entry_end
000000000000ffd4 T __libnx_exception_returnentry
000000000000fff0 0000000000000070 T condvarWaitTimeout
0000000000010060 0000000000000410 T randomGet
0000000000010470 0000000000000020 T randomGet64
0000000000010490 0000000000000014 T shmemLoadRemote
00000000000104b0 0000000000000070 T shmemMap
0000000000010520 0000000000000034 T shmemUnmap
0000000000010560 000000000000004c T shmemClose
00000000000105b0 00000000000000b0 T __libnx_init_thread
0000000000010660 0000000000000184 T sessionmgrCreate
00000000000107f0 0000000000000084 T sessionmgrClose
0000000000010880 00000000000000a8 T sessionmgrAttachClient
0000000000010930 0000000000000060 T sessionmgrDetachClient
0000000000010990 00000000000000b4 t _fsCleanup
0000000000010a50 00000000000001c0 t _fsCmdNoIO
0000000000010c10 00000000000001e0 t _fsFsCmdWithInPath
0000000000010df0 00000000000001f8 t _fsFsCmdWithTwoInPaths
0000000000010ff0 000000000000028c t _fsFsOpenCommon
0000000000011280 00000000000001fc t _fsFsCmdWithInPathAndOutU64
0000000000011480 00000000000000f8 t _fsObjectClose
0000000000011580 000000000000017c t _fsCmdGetSession.constprop.0
0000000000011700 00000000000002f8 T fsInitialize
0000000000011a00 0000000000000048 T fsExit
0000000000011a50 0000000000000008 T fsOpenSdCardFileSystem
0000000000011a60 00000000000001ec T fsFsCreateFile
0000000000011c50 0000000000000008 T fsFsDeleteFile
0000000000011c60 0000000000000008 T fsFsCreateDirectory
0000000000011c70 0000000000000008 T fsFsDeleteDirectory
0000000000011c80 0000000000000008 T fsFsRenameFile
0000000000011c90 0000000000000008 T fsFsRenameDirectory
0000000000011ca0 00000000000001f0 T fsFsGetEntryType
0000000000011e90 0000000000000008 T fsFsOpenFile
0000000000011ea0 0000000000000008 T fsFsOpenDirectory
0000000000011eb0 0000000000000008 T fsFsGetFreeSpace
0000000000011ec0 0000000000000008 T fsFsGetTotalSpace
0000000000011ed0 0000000000000230 T fsFsGetFileTimeStampRaw
0000000000012100 0000000000000004 T fsFsClose
0000000000012110 0000000000000214 T fsFileRead
0000000000012330 00000000000001f8 T fsFileWrite
0000000000012530 0000000000000008 T fsFileFlush
0000000000012540 00000000000001c0 T fsFileSetSize
0000000000012540 00000000000001c0 t fsFileSetSize.localalias
0000000000012700 00000000000001d4 T fsFileGetSize
0000000000012700 00000000000001d4 t fsFileGetSize.localalias
00000000000128e0 0000000000000004 T fsFileClose
00000000000128f0 0000000000000004 T fsDirClose
0000000000012900 0000000000000204 T fsDirRead
0000000000012b10 00000000000000d0 t _nvCleanup
0000000000012be0 00000000000000d4 t _nvCmdInitialize.constprop.0
0000000000012cc0 0000000000000018 W __nx_nv_create_tmem
0000000000012ce0 00000000000003a8 T nvInitialize
0000000000013090 0000000000000048 T nvExit
00000000000130e0 00000000000000f4 T nvConvertError
00000000000131e0 0000000000000114 T nvOpen
0000000000013300 0000000000000310 T nvIoctl
0000000000013610 00000000000000d4 T nvClose
00000000000136f0 000000000000010c T nvQueryEvent
0000000000013800 000000000000027c t _timeCleanup
0000000000013a80 0000000000000100 t _timeCmdGetSession.constprop.0
0000000000013b80 0000000000000104 t _timeReadClockFromSharedMem
0000000000013c90 0000000000000300 T timeInitialize
0000000000013f90 0000000000000048 T timeExit
0000000000013fe0 0000000000000038 T timeGetServiceSession_SystemClock
0000000000014020 00000000000000fc T timeGetCurrentTime
0000000000014120 0000000000000108 T timeToCalendarTimeWithMyRule
0000000000014230 0000000000000114 T timeToPosixTimeWithMyRule
0000000000014350 0000000000000230 t _viCleanup
0000000000014580 0000000000000100 t _viCmdGetSessionNoParams.constprop.0
0000000000014680 0000000000000368 T viInitialize
00000000000149f0 0000000000000048 T viExit
0000000000014a40 000000000000000c T viGetSession_IHOSBinderDriverRelay
0000000000014a50 000000000000010c T viOpenDisplay
0000000000014b60 00000000000000ec T viCloseDisplay
0000000000014c50 00000000000000f4 T viCloseLayer
0000000000014d50 0000000000000394 T viCreateLayer
00000000000150f0 00000000000000d8 T viSetLayerScalingMode
00000000000151d0 0000000000000074 t _nvFenceCleanup
0000000000015250 0000000000000098 T nvFenceInit
00000000000152f0 0000000000000048 T nvFenceExit
0000000000015340 0000000000000290 T nvFenceWait
00000000000155d0 000000000000007c T nvMultiFenceWait
0000000000015650 00000000000000ac T nvMapInit
0000000000015700 0000000000000074 T nvMapExit
0000000000015780 000000000000008c T nvMapClose
0000000000015810 0000000000000160 T nvMapCreate
0000000000015970 0000000000000024 T nvioctlNvhostCtrl_EventSignal
00000000000159a0 000000000000003c T nvioctlNvhostCtrl_EventWait
00000000000159e0 0000000000000028 T nvioctlNvhostCtrl_EventWaitAsync
0000000000015a10 0000000000000024 T nvioctlNvhostCtrl_EventRegister
0000000000015a40 0000000000000024 T nvioctlNvhostCtrl_EventUnregister
0000000000015a70 000000000000003c T nvioctlNvmap_Create
0000000000015ab0 0000000000000030 T nvioctlNvmap_Alloc
0000000000015ae0 0000000000000030 T nvioctlNvmap_Free
0000000000015b10 000000000000003c T nvioctlNvmap_GetId
0000000000015b50 000000000000001c T binderCreate
0000000000015b70 000000000000035c T binderTransactParcel
0000000000015ed0 00000000000000e8 T binderConvertErrorCode
0000000000015fc0 0000000000000124 T binderAdjustRefcount
00000000000160f0 000000000000009c T binderInitSession
0000000000016190 000000000000005c T binderClose
00000000000161f0 0000000000000154 T binderGetNativeHandle
0000000000016350 00000000000000c8 T bqRequestBuffer
0000000000016420 0000000000000128 T bqDequeueBuffer
0000000000016550 00000000000000c8 T bqQueueBuffer
0000000000016620 0000000000000084 T bqCancelBuffer
00000000000166b0 00000000000000d0 T bqConnect
0000000000016780 0000000000000088 T bqDisconnect
0000000000016810 0000000000000194 T bqSetPreallocatedBuffer
00000000000169b0 0000000000000030 T parcelCreate
00000000000169e0 0000000000000174 T parcelTransact
0000000000016b60 0000000000000080 T parcelWriteData
0000000000016be0 0000000000000088 T parcelReadData
0000000000016c70 0000000000000020 T parcelWriteInt32
0000000000016c90 0000000000000020 T parcelWriteUInt32
0000000000016cb0 000000000000007c T parcelWriteString16
0000000000016d30 0000000000000030 T parcelWriteInterfaceToken
0000000000016d60 0000000000000024 T parcelReadInt32
0000000000016d90 0000000000000068 T parcelReadFlattenedObject
0000000000016e00 0000000000000044 T parcelWriteFlattenedObject
0000000000016e80 0000000000000104 T strrchr
0000000000016fa0 0000000000000184 T _fgets_r
0000000000017140 0000000000000034 T fgets
0000000000017180 0000000000000130 T _fclose_r
00000000000172c0 000000000000001c T fclose
0000000000017300 0000000000000104 T memset
0000000000017420 00000000000000b8 T _fputs_r
00000000000174e0 000000000000002c T fputs
0000000000017520 0000000000000034 T setenv
0000000000017560 0000000000000080 T fprintf
00000000000175e0 000000000000002c T stat
0000000000017640 0000000000000134 T strcmp
0000000000017780 00000000000000f4 T _fwrite_r
0000000000017880 0000000000000034 T fwrite
00000000000178c0 00000000000001b4 T strncmp
0000000000017a80 00000000000000dc T memchr
0000000000017b60 000000000000001c t stdio_exit_handler
0000000000017b80 000000000000006c t cleanup_stdio
0000000000017c00 0000000000000134 t global_stdio_init.part.0
0000000000017d40 000000000000000c T __sfp_lock_acquire
0000000000017d60 000000000000000c T __sfp_lock_release
0000000000017d80 0000000000000138 T __sfp
0000000000017ec0 0000000000000054 T __sinit
0000000000017f20 00000000000001a4 t _strtoul_l.isra.0
00000000000180e0 0000000000000034 T _strtoul_r
0000000000018120 0000000000000040 T strtoul
0000000000018160 00000000000000a4 T __libc_init_array
0000000000018220 000000000000002c T rename
0000000000018260 0000000000000088 T strncat
0000000000018300 0000000000000098 T _fwalk_sglue
00000000000183a0 00000000000000b4 T bsearch
0000000000018460 0000000000000014 T _tzset_unlocked
0000000000018480 0000000000000014 T __errno
00000000000184a0 00000000000000b4 T fileno
0000000000018580 00000000000000cc T strchr
0000000000018660 000000000000002c T aligned_alloc
00000000000186a0 00000000000000d4 T _puts_r
0000000000018780 000000000000001c T puts
00000000000187a0 000000000000000c T __gettzinfo
00000000000187c0 000000000000022c T memcpy
00000000000187c0 T memmove
00000000000189ec 0000000000000790 t get_arg
000000000001917c 0000000000003bd4 T _vfprintf_r
000000000001cd50 00000000000000d0 t __sbprintf
000000000001ce20 00000000000000bc T _calloc_r
000000000001cee0 000000000000002c T realloc
000000000001cf20 000000000000001c T strdup
000000000001cf40 0000000000000004 T _fseek_r
000000000001cf60 000000000000000c T __tz_lock
000000000001cf80 000000000000000c T __tz_unlock
000000000001cfa0 0000000000000840 T _malloc_r
000000000001d7e0 0000000000000074 T strcasecmp
000000000001d860 00000000000001a4 t quorem
000000000001da20 0000000000001320 T _dtoa_r
000000000001ed40 00000000000000d0 T _wcrtomb_r
000000000001ee20 000000000000011c T _malloc_trim_r
000000000001ef40 00000000000002d8 T _free_r
000000000001f220 00000000000000f8 T snprintf
000000000001f318 0000000000000790 t get_arg
000000000001faa8 0000000000003a84 T _svfprintf_r
0000000000023540 0000000000000080 T printf
00000000000235c0 000000000000001c T atoi
00000000000235e0 00000000000002c0 t _strtol_l.part.0
00000000000238a0 0000000000000070 T _strtol_r
0000000000023920 0000000000000078 T strtol
00000000000239c0 000000000000012c T strcpy
0000000000023b00 00000000000006cc T _tzset_unlocked_r
00000000000241e0 0000000000000038 T malloc
0000000000024220 000000000000001c T free
0000000000024240 00000000000001ec T __sflush_r
0000000000024440 00000000000000bc T _fflush_r
0000000000024500 000000000000003c T fflush
0000000000024540 0000000000000048 T time
00000000000245a0 0000000000000038 t lflush
00000000000245e0 0000000000000190 T __srefill_r
0000000000024780 00000000000000b0 T __swhatbuf_r
0000000000024840 00000000000000e8 T __smakebuf_r
0000000000024940 0000000000000028 T gmtime
0000000000024980 0000000000000130 T strlen
0000000000024ac0 00000000000000f4 T _findenv_r
0000000000024bc0 0000000000000018 T _getenv_r
0000000000024be0 0000000000000134 t critical_factorization
0000000000024d20 00000000000002f0 t two_way_long_needle
0000000000025020 0000000000000258 T strstr
0000000000025280 0000000000000568 T _realloc_r
0000000000025800 0000000000000350 T localtime_r
0000000000025b60 0000000000000054 T _strdup_r
0000000000025bc0 0000000000000330 T _fread_r
0000000000025f00 0000000000000034 T fread
0000000000025f40 00000000000000b8 T strnlen
0000000000026000 000000000000000c T __malloc_lock
0000000000026020 000000000000000c T __malloc_unlock
0000000000026040 000000000000025c T __tzcalc_limits
00000000000262a0 0000000000000258 T _setenv_r
0000000000026500 00000000000001c8 T memcmp
00000000000266e0 0000000000000004 W __call_exitprocs
0000000000026700 0000000000000278 T setvbuf
0000000000026980 0000000000000120 T _fopen_r
0000000000026aa0 000000000000002c T fopen
0000000000026ae0 000000000000001c T close
0000000000026b00 0000000000000028 T localtime
0000000000026b40 00000000000000ac T strncpy
0000000000026c00 0000000000000018 T getchar
0000000000026c20 0000000000000010 T _wcsrtombs_r
0000000000026c40 00000000000000b0 T sscanf
0000000000026d00 000000000000012c T __swsetup_r
0000000000026e40 000000000000007c T frexp
0000000000026ec0 00000000000004a4 T __sfvwrite_r
0000000000027380 000000000000004c T __sread
00000000000273e0 0000000000000008 T __seofread
0000000000027400 0000000000000070 T __swrite
0000000000027480 0000000000000050 T __sseek
00000000000274e0 0000000000000008 T __sclose
0000000000027500 000000000000000c T __env_lock
0000000000027520 000000000000000c T __env_unlock
0000000000027540 0000000000000064 T __assert_func
00000000000275c0 00000000000000a4 T _Balloc
0000000000027680 0000000000000020 T _Bfree
00000000000276a0 0000000000000118 T __multadd
00000000000277c0 0000000000000144 T __s2b
0000000000027920 0000000000000094 T __hi0bits
00000000000279c0 0000000000000100 T __lo0bits
0000000000027ac0 000000000000004c T __i2b
0000000000027b20 0000000000000210 T __multiply
0000000000027d40 0000000000000104 T __pow5mult
0000000000027e60 0000000000000174 T __lshift
0000000000027fe0 0000000000000050 T __mcmp
0000000000028040 00000000000001c4 T __mdiff
0000000000028220 0000000000000084 T __ulp
00000000000282c0 0000000000000168 T __b2d
0000000000028440 000000000000014c T __d2b
00000000000285a0 00000000000000b0 T __ratio
0000000000028660 0000000000000074 T __copybits
00000000000286e0 0000000000000068 T __any_on
0000000000028760 000000000000002c T __locale_mb_cur_max
00000000000287a0 00000000000000c8 T __ssprint_r
0000000000028880 00000000000002a0 T gmtime_r
0000000000028b20 0000000000000080 T fiprintf
0000000000028ba0 000000000000018c T _memalign_r
0000000000028d40 0000000000000188 T _wcsnrtombs_l
0000000000028ee0 0000000000000054 T _wcsnrtombs_r
0000000000028f40 00000000000002dc T __utf8_mbtowc
0000000000029220 00000000000004c0 T _fseeko_r
00000000000296e0 0000000000000038 T __sprint_r
0000000000029720 00000000000000b0 T siscanf
00000000000297e0 0000000000000018 T abort
0000000000029800 0000000000000008 T __localeconv_l
0000000000029820 0000000000000028 T _localeconv_r
0000000000029860 00000000000000bc T _getc_r
0000000000029920 00000000000000b8 T __sflags
00000000000299e0 0000000000000044 T __libc_fini_array
0000000000029a40 0000000000000188 T __ssputs_r
0000000000029bc8 0000000000000074 t get_arg
0000000000029c3c 0000000000003260 T __ssvfscanf_r
000000000002cea0 00000000000000e0 T __utf8_wctomb
000000000002cf80 0000000000000070 T __srget_r
000000000002d000 00000000000001a4 t _strtoull_l.isra.0
000000000002d1c0 0000000000000034 T _strtoull_r
000000000002d200 00000000000000d8 T _mbrtowc_r
000000000002d2e0 000000000000000c T nanf
000000000002d300 000000000000009c T _raise_r
000000000002d3a0 000000000000001c T raise
000000000002d3c0 00000000000002c0 t _strtoll_l.isra.0
000000000002d680 0000000000000034 T _strtoll_r
000000000002d6c0 0000000000000058 t sulp
000000000002d720 00000000000012f4 T _strtod_l
000000000002ea20 0000000000000040 T _strtod_r
000000000002ea60 0000000000000790 t get_arg
000000000002f1f0 0000000000002964 T _vfiprintf_r
0000000000031b54 00000000000000d0 t __sbprintf
0000000000031c24 0000000000000074 t get_arg
0000000000031c98 00000000000000f0 T _sungetc_r
0000000000031d88 0000000000000070 T __ssrefill_r
0000000000031df8 00000000000000dc T _sfread_r
0000000000031ed4 0000000000002700 T __ssvfiscanf_r
00000000000345e0 0000000000000110 t rshift
0000000000034700 0000000000000860 T __gethex
0000000000034f60 000000000000009c T sprintf
0000000000035000 0000000000000008 T iswspace
0000000000035020 00000000000000d0 T __sccl
0000000000035100 00000000000000ac T stpncpy
00000000000351c0 0000000000000048 T __match
0000000000035220 000000000000025c T __hexnan
0000000000035480 000000000000000c T nan
00000000000354a0 0000000000000048 T iswspace_l
0000000000035500 00000000000000b8 T __submore
00000000000355c0 0000000000000084 T category
0000000000035660 0000000000000020 T _exit
0000000000035680 000000000000016c T chdir
0000000000035800 0000000000000030 T clock_gettime
0000000000035840 0000000000000218 T _concatenate_path
0000000000035a60 000000000000008c t __dirnext
0000000000035b00 0000000000000110 T opendir
0000000000035c20 00000000000000ac T closedir
0000000000035ce0 0000000000000104 T readdir_r
0000000000035e00 0000000000000040 T readdir
0000000000035e40 000000000000009c T _fstat_r
0000000000035ee0 0000000000000010 T _getpid_r
0000000000035f00 0000000000000020 T __getreent
0000000000035f20 0000000000000024 T _gettimeofday_r
0000000000035f60 00000000000000a0 T __release_handle
0000000000036000 0000000000000130 T __alloc_handle
0000000000036140 0000000000000060 T __get_handle
00000000000361a0 00000000000000f4 T _close_r
00000000000362a0 0000000000000008 t null_write
00000000000362c0 0000000000000018 T setDefaultDevice
00000000000362e0 0000000000000110 T FindDevice
0000000000036400 0000000000000034 T RemoveDevice
0000000000036440 00000000000000c4 T AddDevice
0000000000036520 0000000000000034 T GetDeviceOpTab
0000000000036560 0000000000000008 T _isatty_r
0000000000036580 0000000000000010 T _kill_r
00000000000365a0 00000000000000a0 T _lseek_r
0000000000036640 0000000000000088 T mkdir
00000000000366e0 00000000000000f0 T _open_r
00000000000367e0 00000000000000b0 T _read_r
00000000000368a0 00000000000000a8 T _rename_r
0000000000036960 0000000000000078 W _sbrk_r
00000000000369e0 000000000000008c T _stat_r
0000000000036a80 0000000000000014 T __libc_lock_acquire
0000000000036aa0 0000000000000014 T __libc_lock_release
0000000000036ac0 0000000000000014 T __libc_lock_acquire_recursive
0000000000036ae0 0000000000000014 T __libc_lock_release_recursive
0000000000036b00 00000000000000b0 T _write_r
0000000000036bc0 0000000000000134 t __extenddftf2
0000000000036d00 0000000000000380 t __trunctfdf2
0000000000037080 0000000000000070 t __sfp_handle_exceptions
00000000000370f0 T _init
0000000000037128 T _fini
000000000003b2b0 0000000000000004 R g_candidate_count
000000000003b310 0000000000000004 R g_dumps_count
000000000003b314 0000000000000004 R g_theme_count
000000000003b318 0000000000000004 R g_settings_count
000000000003b31c 0000000000000004 R g_menu_count
000000000003b320 0000000000000014 r CSWTCH.1000
000000000003b420 0000000000000018 r grayScale
000000000003b438 0000000000000006 r colorCube
000000000003b440 0000000000000030 r colorTable
000000000003b470 R default_font_bin
000000000003d470 R default_font_bin_end
000000000003d470 0000000000000038 r g_nvColorFmtTable
000000000003d4a8 0000000000000024 r s_emptyFence.0
000000000003d4d0 0000000000000086 r _error_code_map
000000000003d558 0000000000000020 r error_table
000000000003d5e0 0000000000000023 r g_bq_InterfaceDescriptor
000000000003d740 0000000000000010 r zeroes.0
000000000003d750 0000000000000010 r blanks.1
000000000003d8a0 0000000000000010 r zeroes.0
000000000003d8b0 0000000000000010 r blanks.1
000000000003d8c0 0000000000000101 R _ctype_
000000000003d9c8 000000000000006c R __action_table
000000000003da38 000000000000006c R __state_table
000000000003daa8 0000000000000100 R __chclass
000000000003dba8 000000000000000c r p05.0
000000000003dbb8 0000000000000028 R __mprec_bigtens
000000000003dbe0 00000000000000c8 R __mprec_tens
000000000003dca8 0000000000000060 R __month_lengths
000000000003de10 0000000000000022 r basefix.0
000000000003de38 0000000000000014 r fpinan.0
000000000003de50 0000000000000014 r fpi.1
000000000003de70 0000000000000028 r tinytens
000000000003df90 0000000000000010 r zeroes.0
000000000003dfa0 0000000000000010 r blanks.1
000000000003e020 0000000000000022 r basefix.0
000000000003e048 0000000000000100 R __hexdig
000000000003e148 00000000000035dc r categories
0000000000041728 r __tls_align
0000000000041730 r __EH_FRAME_BEGIN__
0000000000041730 r __eh_frame_hdr_end
0000000000041730 r __eh_frame_hdr_start
0000000000047ffc r __FRAME_END__
0000000000049000 d __frame_dummy_init_array_entry
0000000000049000 d __init_array_start
0000000000049000 d __preinit_array_end
0000000000049000 d __preinit_array_start
0000000000049000 d __relro_start
0000000000049008 d __do_global_dtors_aux_fini_array_entry
0000000000049008 d __fini_array_start
0000000000049008 d __init_array_end
0000000000049010 d __fini_array_end
0000000000049010 0000000000000100 d dotab_stdout
0000000000049110 0000000000000100 d fsdev_devoptab
0000000000049210 0000000000000100 D dotab_stdnull
0000000000049310 a _DYNAMIC
0000000000049460 d __got_start__
0000000000049460 a _GLOBAL_OFFSET_TABLE_
0000000000049798 d __got_end__
000000000004a000 d __data_start
000000000004a000 0000000000000018 d icon_folder
000000000004a020 0000000000000018 d icon_zip
000000000004a040 0000000000000018 d icon_empty
000000000004a060 0000000000000018 d icon_file
000000000004a078 0000000000000e10 D g_candidates
000000000004ae88 0000000000000004 d blink_ms
000000000004aeb0 0000000000000020 d seq_normal
000000000004aed0 0000000000000020 d seq_highlight
000000000004af10 0000000000000020 D g_dumps_menu
000000000004af30 0000000000000018 D g_theme_lines
000000000004af50 0000000000000018 D g_settings_lines
000000000004af70 0000000000000038 D g_menu_items
000000000004afa8 0000000000000008 V __nx_applet_init_timeout
000000000004afb0 0000000000000001 V __nx_applet_auto_notifyrunning
000000000004afb4 0000000000000004 V __nx_applet_type
000000000004afb8 0000000000000008 d currentConsole
000000000004afc0 0000000000000050 d defaultConsole
000000000004b010 0000000000000088 d s_consoleSwRenderer
000000000004b098 0000000000000008 V __nx_pollfd_sb_max_fds
000000000004b0a0 0000000000000008 V __nx_exception_stack_size
000000000004b0a8 0000000000000001 V __nx_fsdev_support_cwd
000000000004b0ac 0000000000000004 V __nx_fsdev_direntry_cache_size
000000000004b0b0 0000000000000004 V __nx_fs_num_sessions
000000000004b0b4 0000000000000004 V __nx_nv_transfermem_size
000000000004b0b8 0000000000000004 V __nx_nv_service_type
000000000004b0bc 0000000000000004 d g_viServiceType
000000000004b0c0 0000000000000004 V __nx_vi_stray_layer_flags
000000000004b0c4 0000000000000004 d g_ctrl_fd
000000000004b0c8 0000000000000004 d g_nvmap_fd
000000000004b0d0 0000000000000018 D __sglue
000000000004b0e8 0000000000000058 d tzinfo
000000000004b140 0000000000000008 D __malloc_sbrk_base
000000000004b148 0000000000000008 D __malloc_trim_threshold
000000000004b150 0000000000000810 D __malloc_av_
000000000004b960 0000000000000008 D _impure_ptr
000000000004b968 0000000000000180 D _impure_data
000000000004bae8 0000000000000010 D _tzname
000000000004baf8 00000000000001a8 D __global_locale
000000000004bca0 0000000000000008 D environ
000000000004bcb0 0000000000000400 d _current_working_directory
000000000004c0c0 0000000000002000 d handles
000000000004e0c0 0000000000000010 d __stderr_handle
000000000004e0d0 0000000000000010 d __stdout_handle
000000000004e0e0 0000000000000010 d __stdin_handle
000000000004e0f0 0000000000000118 D devoptab_list
000000000004e208 0000000000000004 d defaultDevice
000000000004e210 d __tdata_lma
000000000004e210 d __tdata_lma_end
000000000004e220 b __bss_start__
000000000004e220 b completed.1
000000000004e228 b object.0
000000000004e258 0000000000000010 b last_a.0
000000000004e270 00000000000003a8 B g_settings
000000000004e618 0000000000000008 b g_appletGuard
000000000004e620 0000000000000001 b g_appletInfoInitialized
000000000004e628 0000000000000050 b g_appletInfo
000000000004e678 0000000000000004 b g_appletCpuBoostMode
000000000004e680 000000000000000c b g_appletLibraryAppletLaunchableEvent
000000000004e68c 0000000000000001 b g_appletSuspendedTickInitialized
000000000004e690 0000000000000008 b g_appletSuspendedTick
000000000004e698 0000000000000008 b g_appletInitTickBase
000000000004e6a0 000000000000000c b g_appletSuspendedTickEvent
000000000004e6ac 0000000000000001 b g_appletCopyrightInitialized
000000000004e6b0 0000000000000028 b g_appletCopyrightTmem
000000000004e6d8 0000000000000004 b g_appletRecordingInitialized
000000000004e6e0 0000000000000028 b g_appletRecordingTmem
000000000004e708 0000000000000018 b g_appletFirstHook
000000000004e720 0000000000000001 b g_appletNotifiedRunning
000000000004e721 0000000000000001 b g_appletFocusState
000000000004e724 0000000000000004 b g_appletPerformanceMode
000000000004e728 0000000000000001 b g_appletOperationMode
000000000004e730 0000000000000008 b g_appletResourceUserId
000000000004e738 000000000000000c b g_appletMessageEvent
000000000004e748 0000000000000010 b g_appletIDebugFunctions
000000000004e758 0000000000000010 b g_appletIDisplayController
000000000004e768 0000000000000010 b g_appletIAudioController
000000000004e778 0000000000000010 b g_appletIWindowController
000000000004e788 0000000000000010 b g_appletISelfController
000000000004e798 0000000000000010 b g_appletICommonStateGetter
000000000004e7a8 0000000000000010 b g_appletILibraryAppletCreator
000000000004e7b8 0000000000000010 b g_appletIProcessWindingController
000000000004e7c8 0000000000000010 b g_appletILibraryAppletSelfAccessor
000000000004e7d8 0000000000000010 b g_appletIApplicationCreator
000000000004e7e8 0000000000000010 b g_appletIGlobalStateController
000000000004e7f8 0000000000000010 b g_appletIFunctions
000000000004e808 0000000000000010 b g_appletIAppletCommonFunctions
000000000004e818 0000000000000004 b g_appletExitProcessResult
000000000004e81c 0000000000000001 b g_appletExitProcessFlag
000000000004e81d 0000000000000001 b g_appletLeftInitialized
000000000004e820 0000000000000010 b g_appletProxySession
000000000004e830 0000000000000010 b g_appletSrv
000000000004e840 0000000000000004 V __nx_applet_exit_mode
000000000004e848 0000000000000008 V __nx_applet_PerformanceConfiguration
000000000004e850 0000000000000080 V __nx_applet_AppletAttribute
000000000004e8d0 0000000000000008 b g_setsysGuard
000000000004e8d8 0000000000000008 b g_setGuard
000000000004e8e0 0000000000000004 b g_setLanguageCodesTotal
000000000004e900 0000000000000200 b g_setLanguageCodes
000000000004eb00 0000000000000001 b g_setLanguageCodesInitialized
000000000004eb08 0000000000000010 b g_setsysSrv
000000000004eb18 0000000000000010 b g_setSrv
000000000004eb28 0000000000000008 b g_smGuard
000000000004eb30 0000000000000008 b g_smOverridesNum
000000000004eb38 0000000000000180 b g_smOverrides
000000000004ecb8 0000000000000010 b g_smSrv
000000000004ecc8 0000000000000008 b g_userIdStorage
000000000004ecd0 0000000000000010 b g_randomSeed
000000000004ece0 0000000000000001 b g_hasRandomSeed
000000000004ece4 0000000000000004 b g_lastLoadResult
000000000004ece8 0000000000000008 b g_nextLoadArgv
000000000004ecf0 0000000000000008 b g_nextLoadPath
000000000004ecf8 0000000000000004 b g_processHandle
000000000004ed00 0000000000000018 b g_syscallHints
000000000004ed18 0000000000000008 b g_overrideArgv
000000000004ed20 0000000000000008 b g_overrideHeapSize
000000000004ed28 0000000000000008 b g_overrideHeapAddr
000000000004ed30 0000000000000008 b g_loaderRetAddr
000000000004ed38 0000000000000004 b g_mainThreadHandle
000000000004ed40 0000000000000008 b g_loaderInfoSize
000000000004ed48 0000000000000008 b g_loaderInfo
000000000004ed50 0000000000000001 b g_isNso
000000000004ed54 0000000000000004 b g_hosVersion
000000000004ed58 0000000000000001 b didFirstConsoleInit.0
000000000004ed60 0000000000000050 b currentCopy
000000000004edb0 B __stack_top
000000000004edb8 0000000000000001 b g_IsLegacyKernel
000000000004edc0 0000000000000008 b g_Reservations
000000000004edd0 0000000000000010 b g_StackRegion
000000000004ede0 0000000000000010 b g_AslrRegion
000000000004edf0 0000000000000010 b g_HeapRegion
000000000004ee00 0000000000000010 b g_AliasRegion
000000000004ee10 0000000000000004 b g_VirtmemMutex
000000000004ee18 0000000000000008 b g_apmGuard
000000000004ee20 0000000000000010 b g_apmISession
000000000004ee30 0000000000000010 b g_apmSrv
000000000004ee40 0000000000000054 b g_bsdSessionMgr
000000000004ee98 0000000000000010 b g_bsdSrv
000000000004eea8 0000000000000008 b g_hidGuard
000000000004eeb0 0000000000000008 b g_sevenSixAxisSensorBuffer
000000000004eeb8 0000000000000020 b g_hidSharedmem
000000000004eed8 0000000000000010 b g_hidIActiveVibrationDeviceList
000000000004eee8 0000000000000010 b g_hidIAppletResource
000000000004eef8 0000000000000010 b g_hidSrv
000000000004ef08 0000000000000080 b g_defaultWin
000000000004ef88 0000000000000010 b g_viLayer
000000000004ef98 0000000000000050 b g_viDisplay
000000000004efe8 0000000000000008 b g_argv_empty
000000000004eff0 0000000000000008 B __system_argv
000000000004eff8 0000000000000004 B __system_argc
000000000004f000 0000000000000340 B __nx_exceptiondump
000000000004f340 0000000000000004 V __nx_exception_ignoredebug
000000000004f350 0000000000000400 V __nx_exception_stack
000000000004f750 0000000000000008 V __nx_heap_size
000000000004f758 0000000000000008 b __bootticks
000000000004f760 0000000000000008 b __boottime
000000000004f768 0000000000000004 V __nx_time_type
000000000004f770 0000000000000004 B __nxlink_host
000000000004f780 0000000000002800 b fsdev_fsdevices
0000000000051f80 0000000000000004 b fsdev_fsdevice_cwd
0000000000051f84 0000000000000001 b fsdev_initialised
0000000000051f88 0000000000000004 b g_randMutex
0000000000051f8c 0000000000000001 b g_randInit
0000000000051f90 0000000000000040 b g_chacha
0000000000051fd0 0000000000000038 b g_mainThread
0000000000052008 0000000000000008 b g_threadList
0000000000052010 0000000000000004 b g_threadMutex
0000000000052018 0000000000000008 b g_fsGuard
0000000000052020 0000000000000054 b g_fsSessionMgr
0000000000052078 0000000000000010 b g_fsSrv
0000000000052088 0000000000000008 b g_nvGuard
0000000000052090 0000000000000028 b g_nvTransfermem
00000000000520b8 0000000000000010 b g_nvSrvClone
00000000000520c8 0000000000000010 b g_nvSrv
00000000000520d8 0000000000000008 b g_timeGuard
00000000000520e0 0000000000000020 b g_timeSharedmem
0000000000052100 0000000000000010 b g_timeLocalSystemClock
0000000000052110 0000000000000010 b g_timeTimeZoneService
0000000000052120 0000000000000010 b g_timeSteadyClock
0000000000052130 0000000000000010 b g_timeNetworkSystemClock
0000000000052140 0000000000000010 b g_timeUserSystemClock
0000000000052150 0000000000000010 b g_timeSrv
0000000000052160 0000000000000004 V __nx_time_service_type
0000000000052168 0000000000000008 b g_viGuard
0000000000052170 0000000000000010 b g_viIHOSBinderDriverIndirect
0000000000052180 0000000000000010 b g_viIManagerDisplayService
0000000000052190 0000000000000010 b g_viISystemDisplayService
00000000000521a0 0000000000000010 b g_viIHOSBinderDriverRelay
00000000000521b0 0000000000000010 b g_viIApplicationDisplayService
00000000000521c0 0000000000000010 b g_viRootService
00000000000521d0 0000000000000008 V __nx_vi_layer_id
00000000000521d8 0000000000000008 b g_nvFenceGuard
00000000000521e0 0000000000000300 b g_NvEvents
00000000000524e0 0000000000000008 b g_NvEventUsedMask
00000000000524e8 0000000000000008 b g_nvMapGuard
00000000000524f0 000000000000000c b __sfp_recursive_mutex
0000000000052500 0000000000000228 B __sf
0000000000052728 0000000000000008 B __stdio_exit_handler
0000000000052730 0000000000000004 b __tz_mutex
0000000000052738 0000000000000050 B __malloc_current_mallinfo
0000000000052788 0000000000000008 B __malloc_max_total_mem
0000000000052790 0000000000000008 B __malloc_max_sbrked_mem
0000000000052798 0000000000000008 B __malloc_top_pad
00000000000527a0 0000000000000008 b prev_tzenv
00000000000527a8 000000000000000c b __tzname_dst
00000000000527b8 000000000000000c b __tzname_std
00000000000527c8 000000000000000c b __malloc_recursive_mutex
00000000000527d4 0000000000000004 b alloced.0
00000000000527d8 0000000000000008 B _timezone
00000000000527e0 0000000000000004 B _daylight
00000000000527e8 000000000000000c b __env_recursive_mutex
00000000000527f8 0000000000000008 b initial_env
0000000000052800 0000000000000400 b temp_cwd
0000000000052c00 0000000000000004 b __hndl_lock
0000000000052c08 0000000000000008 B fake_heap_start
0000000000052c10 0000000000000008 B fake_heap_end
0000000000052c18 0000000000000008 b heap_start.0
0000000000052c20 b __tls_start
0000000000053040 b __bss_end__
0000000000053040 b __end__
0000000000053040 b __tls_end
0000000000054000 b __argdata__
